{"/Users/andre/Repos/senior-fe-software-engineer-prnpsm/components/CountryCard/CountryCard.styles.ts": {"path":"/Users/andre/Repos/senior-fe-software-engineer-prnpsm/components/CountryCard/CountryCard.styles.ts","statementMap":{"0":{"start":{"line":3,"column":18},"end":{"line":19,"column":1}},"1":{"start":{"line":21,"column":22},"end":{"line":24,"column":1}},"2":{"start":{"line":26,"column":16},"end":{"line":32,"column":1}},"3":{"start":{"line":34,"column":20},"end":{"line":37,"column":1}},"4":{"start":{"line":39,"column":22},"end":{"line":45,"column":1}},"5":{"start":{"line":40,"column":30},"end":{"line":40,"column":51}}},"fnMap":{"0":{"name":"(anonymous_0)","decl":{"start":{"line":40,"column":15},"end":{"line":40,"column":16}},"loc":{"start":{"line":40,"column":30},"end":{"line":40,"column":51}},"line":40}},"branchMap":{},"s":{"0":1,"1":1,"2":1,"3":1,"4":1,"5":12},"f":{"0":12},"b":{},"_coverageSchema":"1a1c01bbd47fc00a2c39e90264f33305004495a9","hash":"9885ecc73d3aa122d4952f084482f62fb06be1b5"}
,"/Users/andre/Repos/senior-fe-software-engineer-prnpsm/components/CountryCard/index.tsx": {"path":"/Users/andre/Repos/senior-fe-software-engineer-prnpsm/components/CountryCard/index.tsx","statementMap":{"0":{"start":{"line":8,"column":20},"end":{"line":28,"column":1}},"1":{"start":{"line":9,"column":2},"end":{"line":27,"column":9}}},"fnMap":{"0":{"name":"(anonymous_0)","decl":{"start":{"line":8,"column":20},"end":{"line":8,"column":21}},"loc":{"start":{"line":9,"column":2},"end":{"line":27,"column":9}},"line":9}},"branchMap":{"0":{"loc":{"start":{"line":23,"column":33},"end":{"line":23,"column":62}},"type":"binary-expr","locations":[{"start":{"line":23,"column":33},"end":{"line":23,"column":52}},{"start":{"line":23,"column":56},"end":{"line":23,"column":62}}],"line":23}},"s":{"0":1,"1":2},"f":{"0":2},"b":{"0":[2,0]},"_coverageSchema":"1a1c01bbd47fc00a2c39e90264f33305004495a9","hash":"aa2d7bd92a2afc912b11128417042b251ecaedd4"}
,"/Users/andre/Repos/senior-fe-software-engineer-prnpsm/components/Header/Header.styles.ts": {"path":"/Users/andre/Repos/senior-fe-software-engineer-prnpsm/components/Header/Header.styles.ts","statementMap":{"0":{"start":{"line":3,"column":18},"end":{"line":9,"column":1}},"1":{"start":{"line":11,"column":16},"end":{"line":16,"column":1}},"2":{"start":{"line":13,"column":30},"end":{"line":13,"column":55}},"3":{"start":{"line":18,"column":14},"end":{"line":23,"column":1}},"4":{"start":{"line":19,"column":26},"end":{"line":19,"column":47}}},"fnMap":{"0":{"name":"(anonymous_0)","decl":{"start":{"line":13,"column":15},"end":{"line":13,"column":16}},"loc":{"start":{"line":13,"column":30},"end":{"line":13,"column":55}},"line":13},"1":{"name":"(anonymous_1)","decl":{"start":{"line":19,"column":11},"end":{"line":19,"column":12}},"loc":{"start":{"line":19,"column":26},"end":{"line":19,"column":47}},"line":19}},"branchMap":{},"s":{"0":0,"1":0,"2":0,"3":0,"4":0},"f":{"0":0,"1":0},"b":{}}
,"/Users/andre/Repos/senior-fe-software-engineer-prnpsm/components/Header/index.tsx": {"path":"/Users/andre/Repos/senior-fe-software-engineer-prnpsm/components/Header/index.tsx","statementMap":{"0":{"start":{"line":6,"column":15},"end":{"line":14,"column":1}},"1":{"start":{"line":7,"column":2},"end":{"line":13,"column":14}}},"fnMap":{"0":{"name":"(anonymous_0)","decl":{"start":{"line":6,"column":15},"end":{"line":6,"column":16}},"loc":{"start":{"line":7,"column":2},"end":{"line":13,"column":14}},"line":7}},"branchMap":{},"s":{"0":0,"1":0},"f":{"0":0},"b":{}}
,"/Users/andre/Repos/senior-fe-software-engineer-prnpsm/components/Layout/Layout.styles.ts": {"path":"/Users/andre/Repos/senior-fe-software-engineer-prnpsm/components/Layout/Layout.styles.ts","statementMap":{"0":{"start":{"line":3,"column":24},"end":{"line":7,"column":1}},"1":{"start":{"line":9,"column":22},"end":{"line":13,"column":1}},"2":{"start":{"line":10,"column":37},"end":{"line":10,"column":59}}},"fnMap":{"0":{"name":"(anonymous_0)","decl":{"start":{"line":10,"column":22},"end":{"line":10,"column":23}},"loc":{"start":{"line":10,"column":37},"end":{"line":10,"column":59}},"line":10}},"branchMap":{},"s":{"0":0,"1":0,"2":0},"f":{"0":0},"b":{}}
,"/Users/andre/Repos/senior-fe-software-engineer-prnpsm/components/Layout/index.tsx": {"path":"/Users/andre/Repos/senior-fe-software-engineer-prnpsm/components/Layout/index.tsx","statementMap":{"0":{"start":{"line":9,"column":15},"end":{"line":14,"column":1}},"1":{"start":{"line":10,"column":2},"end":{"line":13,"column":20}}},"fnMap":{"0":{"name":"(anonymous_0)","decl":{"start":{"line":9,"column":15},"end":{"line":9,"column":16}},"loc":{"start":{"line":10,"column":2},"end":{"line":13,"column":20}},"line":10}},"branchMap":{},"s":{"0":0,"1":0},"f":{"0":0},"b":{}}
,"/Users/andre/Repos/senior-fe-software-engineer-prnpsm/components/Select/Select.styles.ts": {"path":"/Users/andre/Repos/senior-fe-software-engineer-prnpsm/components/Select/Select.styles.ts","statementMap":{"0":{"start":{"line":3,"column":18},"end":{"line":11,"column":1}},"1":{"start":{"line":4,"column":31},"end":{"line":4,"column":53}},"2":{"start":{"line":13,"column":24},"end":{"line":25,"column":1}},"3":{"start":{"line":21,"column":27},"end":{"line":21,"column":48}},"4":{"start":{"line":27,"column":20},"end":{"line":27,"column":32}},"5":{"start":{"line":29,"column":13},"end":{"line":40,"column":1}},"6":{"start":{"line":30,"column":31},"end":{"line":30,"column":53}},"7":{"start":{"line":42,"column":17},"end":{"line":50,"column":1}},"8":{"start":{"line":47,"column":33},"end":{"line":47,"column":54}},"9":{"start":{"line":48,"column":28},"end":{"line":48,"column":46}}},"fnMap":{"0":{"name":"(anonymous_0)","decl":{"start":{"line":4,"column":16},"end":{"line":4,"column":17}},"loc":{"start":{"line":4,"column":31},"end":{"line":4,"column":53}},"line":4},"1":{"name":"(anonymous_1)","decl":{"start":{"line":21,"column":12},"end":{"line":21,"column":13}},"loc":{"start":{"line":21,"column":27},"end":{"line":21,"column":48}},"line":21},"2":{"name":"(anonymous_2)","decl":{"start":{"line":30,"column":16},"end":{"line":30,"column":17}},"loc":{"start":{"line":30,"column":31},"end":{"line":30,"column":53}},"line":30},"3":{"name":"(anonymous_3)","decl":{"start":{"line":47,"column":18},"end":{"line":47,"column":19}},"loc":{"start":{"line":47,"column":33},"end":{"line":47,"column":54}},"line":47},"4":{"name":"(anonymous_4)","decl":{"start":{"line":48,"column":13},"end":{"line":48,"column":14}},"loc":{"start":{"line":48,"column":28},"end":{"line":48,"column":46}},"line":48}},"branchMap":{},"s":{"0":0,"1":0,"2":0,"3":0,"4":0,"5":0,"6":0,"7":0,"8":0,"9":0},"f":{"0":0,"1":0,"2":0,"3":0,"4":0},"b":{}}
,"/Users/andre/Repos/senior-fe-software-engineer-prnpsm/components/Select/index.tsx": {"path":"/Users/andre/Repos/senior-fe-software-engineer-prnpsm/components/Select/index.tsx","statementMap":{"0":{"start":{"line":13,"column":15},"end":{"line":44,"column":1}},"1":{"start":{"line":14,"column":30},"end":{"line":14,"column":45}},"2":{"start":{"line":15,"column":46},"end":{"line":15,"column":75}},"3":{"start":{"line":17,"column":21},"end":{"line":17,"column":45}},"4":{"start":{"line":17,"column":27},"end":{"line":17,"column":45}},"5":{"start":{"line":19,"column":26},"end":{"line":25,"column":3}},"6":{"start":{"line":19,"column":45},"end":{"line":25,"column":3}},"7":{"start":{"line":21,"column":4},"end":{"line":21,"column":20}},"8":{"start":{"line":23,"column":4},"end":{"line":23,"column":29}},"9":{"start":{"line":24,"column":4},"end":{"line":24,"column":21}},"10":{"start":{"line":27,"column":2},"end":{"line":43,"column":4}},"11":{"start":{"line":36,"column":12},"end":{"line":38,"column":23}}},"fnMap":{"0":{"name":"(anonymous_0)","decl":{"start":{"line":13,"column":15},"end":{"line":13,"column":16}},"loc":{"start":{"line":13,"column":81},"end":{"line":44,"column":1}},"line":13},"1":{"name":"(anonymous_1)","decl":{"start":{"line":17,"column":21},"end":{"line":17,"column":22}},"loc":{"start":{"line":17,"column":27},"end":{"line":17,"column":45}},"line":17},"2":{"name":"(anonymous_2)","decl":{"start":{"line":19,"column":26},"end":{"line":19,"column":27}},"loc":{"start":{"line":19,"column":45},"end":{"line":25,"column":3}},"line":19},"3":{"name":"(anonymous_3)","decl":{"start":{"line":19,"column":45},"end":{"line":19,"column":46}},"loc":{"start":{"line":19,"column":51},"end":{"line":25,"column":3}},"line":19},"4":{"name":"(anonymous_4)","decl":{"start":{"line":35,"column":23},"end":{"line":35,"column":24}},"loc":{"start":{"line":36,"column":12},"end":{"line":38,"column":23}},"line":36}},"branchMap":{"0":{"loc":{"start":{"line":30,"column":22},"end":{"line":30,"column":51}},"type":"binary-expr","locations":[{"start":{"line":30,"column":22},"end":{"line":30,"column":36}},{"start":{"line":30,"column":40},"end":{"line":30,"column":51}}],"line":30},"1":{"loc":{"start":{"line":33,"column":7},"end":{"line":41,"column":7}},"type":"binary-expr","locations":[{"start":{"line":33,"column":7},"end":{"line":33,"column":13}},{"start":{"line":34,"column":8},"end":{"line":40,"column":15}}],"line":33}},"s":{"0":0,"1":0,"2":0,"3":0,"4":0,"5":0,"6":0,"7":0,"8":0,"9":0,"10":0,"11":0},"f":{"0":0,"1":0,"2":0,"3":0,"4":0},"b":{"0":[0,0],"1":[0,0]}}
}
