TN:
SF:components/CountryCard/CountryCard.styles.ts
FN:40,(anonymous_0)
FNF:1
FNH:1
FNDA:12,(anonymous_0)
DA:3,1
DA:21,1
DA:26,1
DA:34,1
DA:39,1
DA:40,12
LF:6
LH:6
BRF:0
BRH:0
end_of_record
TN:
SF:components/CountryCard/index.tsx
FN:8,(anonymous_0)
FNF:1
FNH:1
FNDA:2,(anonymous_0)
DA:8,1
DA:9,2
LF:2
LH:2
BRDA:23,0,0,2
BRDA:23,0,1,0
BRF:2
BRH:1
end_of_record
TN:
SF:components/Header/Header.styles.ts
FN:13,(anonymous_0)
FN:19,(anonymous_1)
FNF:2
FNH:0
FNDA:0,(anonymous_0)
FNDA:0,(anonymous_1)
DA:3,0
DA:11,0
DA:13,0
DA:18,0
DA:19,0
LF:5
LH:0
BRF:0
BRH:0
end_of_record
TN:
SF:components/Header/index.tsx
FN:6,(anonymous_0)
FNF:1
FNH:0
FNDA:0,(anonymous_0)
DA:6,0
DA:7,0
LF:2
LH:0
BRF:0
BRH:0
end_of_record
TN:
SF:components/Layout/Layout.styles.ts
FN:10,(anonymous_0)
FNF:1
FNH:0
FNDA:0,(anonymous_0)
DA:3,0
DA:9,0
DA:10,0
LF:3
LH:0
BRF:0
BRH:0
end_of_record
TN:
SF:components/Layout/index.tsx
FN:9,(anonymous_0)
FNF:1
FNH:0
FNDA:0,(anonymous_0)
DA:9,0
DA:10,0
LF:2
LH:0
BRF:0
BRH:0
end_of_record
TN:
SF:components/Select/Select.styles.ts
FN:4,(anonymous_0)
FN:21,(anonymous_1)
FN:30,(anonymous_2)
FN:47,(anonymous_3)
FN:48,(anonymous_4)
FNF:5
FNH:0
FNDA:0,(anonymous_0)
FNDA:0,(anonymous_1)
FNDA:0,(anonymous_2)
FNDA:0,(anonymous_3)
FNDA:0,(anonymous_4)
DA:3,0
DA:4,0
DA:13,0
DA:21,0
DA:27,0
DA:29,0
DA:30,0
DA:42,0
DA:47,0
DA:48,0
LF:10
LH:0
BRF:0
BRH:0
end_of_record
TN:
SF:components/Select/index.tsx
FN:13,(anonymous_0)
FN:17,(anonymous_1)
FN:19,(anonymous_2)
FN:19,(anonymous_3)
FN:35,(anonymous_4)
FNF:5
FNH:0
FNDA:0,(anonymous_0)
FNDA:0,(anonymous_1)
FNDA:0,(anonymous_2)
FNDA:0,(anonymous_3)
FNDA:0,(anonymous_4)
DA:13,0
DA:14,0
DA:15,0
DA:17,0
DA:19,0
DA:21,0
DA:23,0
DA:24,0
DA:27,0
DA:36,0
LF:10
LH:0
BRDA:30,0,0,0
BRDA:30,0,1,0
BRDA:33,1,0,0
BRDA:33,1,1,0
BRF:4
BRH:0
end_of_record
